<?xml version="1.0" encoding="UTF-8"?>
<testng-results ignored="0" total="1" passed="1" failed="0" skipped="0">
  <reporter-output>
  </reporter-output>
  <suite started-at="2022-10-20T10:11:04 IST" name="Suite" finished-at="2022-10-20T10:11:14 IST" duration-ms="10089">
    <groups>
    </groups>
    <test started-at="2022-10-20T10:11:04 IST" name="Test" finished-at="2022-10-20T10:11:14 IST" duration-ms="10089">
      <class name="test.SwagLabLoginPageTest">
        <test-method is-config="true" signature="createReport()[pri:0, instance:test.SwagLabLoginPageTest@5876a9af]" started-at="2022-10-20T10:11:04 IST" name="createReport" finished-at="2022-10-20T10:11:05 IST" duration-ms="552" status="PASS">
          <reporter-output>
          </reporter-output>
        </test-method> <!-- createReport -->
        <test-method is-config="true" signature="Browser()[pri:0, instance:test.SwagLabLoginPageTest@5876a9af]" started-at="2022-10-20T10:11:05 IST" name="Browser" finished-at="2022-10-20T10:11:11 IST" duration-ms="6044" status="PASS">
          <reporter-output>
          </reporter-output>
        </test-method> <!-- Browser -->
        <test-method signature="validateSwagLabLogin()[pri:0, instance:test.SwagLabLoginPageTest@5876a9af]" started-at="2022-10-20T10:11:11 IST" name="validateSwagLabLogin" finished-at="2022-10-20T10:11:13 IST" duration-ms="2133" status="PASS">
          <reporter-output>
          </reporter-output>
        </test-method> <!-- validateSwagLabLogin -->
        <test-method is-config="true" signature="captureResult(org.testng.ITestResult)[pri:0, instance:test.SwagLabLoginPageTest@5876a9af]" started-at="2022-10-20T10:11:13 IST" name="captureResult" finished-at="2022-10-20T10:11:13 IST" duration-ms="30" status="PASS">
          <params>
            <param index="0">
              <value>
                <![CDATA[[TestResult name=validateSwagLabLogin status=SUCCESS method=SwagLabLoginPageTest.validateSwagLabLogin()[pri:0, instance:test.SwagLabLoginPageTest@5876a9af] output={null}]]]>
              </value>
            </param>
          </params>
          <reporter-output>
          </reporter-output>
        </test-method> <!-- captureResult -->
        <test-method is-config="true" signature="flushResult()[pri:0, instance:test.SwagLabLoginPageTest@5876a9af]" started-at="2022-10-20T10:11:13 IST" name="flushResult" finished-at="2022-10-20T10:11:14 IST" duration-ms="1255" status="PASS">
          <reporter-output>
          </reporter-output>
        </test-method> <!-- flushResult -->
      </class> <!-- test.SwagLabLoginPageTest -->
    </test> <!-- Test -->
  </suite> <!-- Suite -->
</testng-results>
